[2026-05-27 14:00:01] ========== 竞品雷达开始 ==========
[2026-05-27 14:00:01] 运行采集脚本...

📡 竞品雷达启动 | 2026-05-27 14:00
============================================================

▶️  QClaw (QClaw)
  🔄 URL: updated
  📰 新闻: 0 条

▶️  WorkBuddy (WorkBuddy)
  ➖ URL: unchanged
  📰 新闻: 0 条

▶️  ArkClaw (ArkClaw)
  🔄 URL: updated
  📰 新闻: 0 条

▶️  CoPaw (CoPaw)
  🔄 URL: updated
  📰 新闻: 0 条

▶️  钉钉悟空 (钉钉悟空)
  ➖ URL: unchanged
  📰 新闻: 0 条

▶️  DuClaw (DuClaw)
  ➖ URL: unchanged
  📰 新闻: 0 条

▶️  MaxClaw (MaxClaw)
  🔄 URL: updated
  📰 新闻: 0 条

▶️  KimiClaw (KimiClaw)
  🔄 URL: updated
  📰 新闻: 0 条

▶️  AutoClaw (AutoClaw)
  🔄 URL: updated
  📰 新闻: 0 条

▶️  QeeClaw (QeeClaw)
  📰 新闻: 0 条

▶️  RetailClaw (RetailClaw)
  📰 新闻: 0 条

✅ 状态已保存
📄 报告: /home/admin/.openclaw/workspace/tasks/competitor-radar-20260527.md
📊 数据: /home/admin/.openclaw/workspace/tasks/competitor-radar-data-20260527.json

============================================================
💬 企业微信推送内容：
============================================================
🔍 竞品情报日报 | OpenClaw框架商业化产品
📅 2026-05-27 下午版

━━━━━━━━━━━━━━━━━━━━━━━━━━━━━━

🔄 **官网有更新**

• **QClaw**（腾讯）
  QClaw - 微信远程办公 AI 助手 | 腾讯出品 腾讯电脑管家官方出品 随时随地，微信一下，QClaw 帮你高效干活 macOS (Apple 芯片) macOS (Intel 芯片) Wind...
• **ArkClaw**（火山引擎（字节））
  You need to enable JavaScript to run this app.-->We're sorry but react app doesn't work properly wit...
• **CoPaw**（阿里云）
  Alibaba Cloud: AI and Cloud Computing Services Powerful AI Cloud Platform&quot;,&quot;desc&quot;:&qu...
• **MaxClaw**（MiniMax）
  Minimax模型语言模型MiniMax M2.7MiniMax M2.5MiniMax M2-HerMiniMax M2.1MiniMax M2视频生成MiniMax Hailuo 2.3 / 2....
• **KimiClaw**（月之暗面）
  Moonshot AI 寻求将能源转化为智能的最优解体验 Kimi体验 API最新研究我们的研究团队致力于实现 AGI，并为全球开源技术社区带来最新研究查看更多2026-04-20Kimi K2.62...
• **AutoClaw**（智谱AI）
  Z.ai - Inspiring AGI to Benefit Humanity头脑风暴逻辑推理信息问答内容创作创意开发AutoClaw只需1分钟，给每台电脑装上小龙虾GLM模型新一代大模型全栈技术体...

🏷️ **互联网大厂**

🔄 **QClaw**（腾讯）无公开动态
➖ **WorkBuddy**（腾讯）无公开动态
🔄 **ArkClaw**（火山引擎（字节））无公开动态
🔄 **CoPaw**（阿里云）无公开动态
➖ **钉钉悟空**（钉钉）无公开动态
➖ **DuClaw**（百度）无公开动态

🏷️ **AI厂商**

🔄 **MaxClaw**（MiniMax）无公开动态
🔄 **KimiClaw**（月之暗面）无公开动态
🔄 **AutoClaw**（智谱AI）无公开动态

🏷️ **垂直专业版**

➖ **QeeClaw**（第三方）无公开动态
➖ **RetailClaw**（第三方）无公开动态

━━━━━━━━━━━━━━━━━━━━━━━━━━━━━━
🤖 生成时间：14:01 (GMT+8)
[2026-05-27 14:01:05] 无新动态，仅保存报告
[2026-05-27 14:01:05] ========== 竞品雷达完成 ==========
