[2026-05-24 14:00:01] ========== 竞品雷达开始 ==========
[2026-05-24 14:00:01] 运行采集脚本...

📡 竞品雷达启动 | 2026-05-24 14:00
============================================================

▶️  QClaw (QClaw)
  ➖ URL: unchanged
  📰 新闻: 0 条

▶️  WorkBuddy (WorkBuddy)
  ➖ URL: unchanged
  📰 新闻: 0 条

▶️  ArkClaw (ArkClaw)
  🔄 URL: updated
  📰 新闻: 0 条

▶️  CoPaw (CoPaw)
  ➖ URL: unchanged
  📰 新闻: 0 条

▶️  钉钉悟空 (钉钉悟空)
  ➖ URL: unchanged
  📰 新闻: 0 条

▶️  DuClaw (DuClaw)
  ➖ URL: unchanged
  📰 新闻: 0 条

▶️  MaxClaw (MaxClaw)
  🔄 URL: updated
  📰 新闻: 0 条

▶️  KimiClaw (KimiClaw)
  ➖ URL: unchanged
  📰 新闻: 0 条

▶️  AutoClaw (AutoClaw)
  ➖ URL: unchanged
  📰 新闻: 0 条

▶️  QeeClaw (QeeClaw)
  📰 新闻: 0 条

▶️  RetailClaw (RetailClaw)
  📰 新闻: 0 条

✅ 状态已保存
📄 报告: /home/admin/.openclaw/workspace/tasks/competitor-radar-20260524.md
📊 数据: /home/admin/.openclaw/workspace/tasks/competitor-radar-data-20260524.json

============================================================
💬 企业微信推送内容：
============================================================
🔍 竞品情报日报 | OpenClaw框架商业化产品
📅 2026-05-24 下午版

━━━━━━━━━━━━━━━━━━━━━━━━━━━━━━

🔄 **官网有更新**

• **ArkClaw**（火山引擎（字节））
  You need to enable JavaScript to run this app.-->We're sorry but react app doesn't work properly wit...
• **MaxClaw**（MiniMax）
  MiniMax模型文本MiniMax M2.7MiniMax M2.5MiniMax M2-HerMiniMax M2.1MiniMax M2语音MiniMax Speech 2.8MiniMax S...

🏷️ **互联网大厂**

➖ **QClaw**（腾讯）无公开动态
➖ **WorkBuddy**（腾讯）无公开动态
🔄 **ArkClaw**（火山引擎（字节））无公开动态
➖ **CoPaw**（阿里云）无公开动态
➖ **钉钉悟空**（钉钉）无公开动态
➖ **DuClaw**（百度）无公开动态

🏷️ **AI厂商**

🔄 **MaxClaw**（MiniMax）无公开动态
➖ **KimiClaw**（月之暗面）无公开动态
➖ **AutoClaw**（智谱AI）无公开动态

🏷️ **垂直专业版**

➖ **QeeClaw**（第三方）无公开动态
➖ **RetailClaw**（第三方）无公开动态

━━━━━━━━━━━━━━━━━━━━━━━━━━━━━━
🤖 生成时间：14:00 (GMT+8)
[2026-05-24 14:00:35] 无新动态，仅保存报告
[2026-05-24 14:00:35] ========== 竞品雷达完成 ==========
