[2026-05-22 14:00:01] ========== 竞品雷达开始 ==========
[2026-05-22 14:00:01] 运行采集脚本...

📡 竞品雷达启动 | 2026-05-22 14:00
============================================================

▶️  QClaw (QClaw)
  ➖ URL: unchanged
  📰 新闻: 0 条

▶️  WorkBuddy (WorkBuddy)
  🔄 URL: updated
  📰 新闻: 0 条

▶️  ArkClaw (ArkClaw)
  🔄 URL: updated
  📰 新闻: 0 条

▶️  CoPaw (CoPaw)
  🔄 URL: updated
  📰 新闻: 0 条

▶️  钉钉悟空 (钉钉悟空)
  ➖ URL: unchanged
  📰 新闻: 0 条

▶️  DuClaw (DuClaw)
  🔄 URL: updated
  📰 新闻: 0 条

▶️  MaxClaw (MaxClaw)
  🔄 URL: updated
  📰 新闻: 0 条

▶️  KimiClaw (KimiClaw)
  ➖ URL: unchanged
  📰 新闻: 0 条

▶️  AutoClaw (AutoClaw)
  🔄 URL: updated
  📰 新闻: 0 条

▶️  QeeClaw (QeeClaw)
  📰 新闻: 0 条

▶️  RetailClaw (RetailClaw)
  📰 新闻: 0 条

✅ 状态已保存
📄 报告: /home/admin/.openclaw/workspace/tasks/competitor-radar-20260522.md
📊 数据: /home/admin/.openclaw/workspace/tasks/competitor-radar-data-20260522.json

============================================================
💬 企业微信推送内容：
============================================================
🔍 竞品情报日报 | OpenClaw框架商业化产品
📅 2026-05-22 下午版

━━━━━━━━━━━━━━━━━━━━━━━━━━━━━━

🔄 **官网有更新**

• **WorkBuddy**（腾讯）
  WorkBuddy - AI Agent 办公新范式...
• **ArkClaw**（火山引擎（字节））
  You need to enable JavaScript to run this app.-->We're sorry but react app doesn't work properly wit...
• **CoPaw**（阿里云）
  Alibaba Cloud: AI and Cloud Computing Services Powerful AI Cloud Platform&quot;,&quot;desc&quot;:&qu...
• **DuClaw**（百度）
  百度智能云-云智一体深入产业618年中钜惠百度搭子DuMate百度伐谋2.0百度千帆百度智能云数字员工智聚618 年中钜惠狂欢云服务器19.9元，充值送26888元，领万元券包减6000元，云大使赢i...
• **MaxClaw**（MiniMax）
  MiniMax模型文本MiniMax M2.7MiniMax M2.5MiniMax M2-HerMiniMax M2.1MiniMax M2语音MiniMax Speech 2.8MiniMax S...
• **AutoClaw**（智谱AI）
  Z.ai - Inspiring AGI to Benefit Humanity头脑风暴逻辑推理信息问答内容创作创意开发AutoClaw只需1分钟，给每台电脑装上小龙虾GLM模型新一代大模型全栈技术体...

🏷️ **互联网大厂**

➖ **QClaw**（腾讯）无公开动态
🔄 **WorkBuddy**（腾讯）无公开动态
🔄 **ArkClaw**（火山引擎（字节））无公开动态
🔄 **CoPaw**（阿里云）无公开动态
➖ **钉钉悟空**（钉钉）无公开动态
🔄 **DuClaw**（百度）无公开动态

🏷️ **AI厂商**

🔄 **MaxClaw**（MiniMax）无公开动态
➖ **KimiClaw**（月之暗面）无公开动态
🔄 **AutoClaw**（智谱AI）无公开动态

🏷️ **垂直专业版**

➖ **QeeClaw**（第三方）无公开动态
➖ **RetailClaw**（第三方）无公开动态

━━━━━━━━━━━━━━━━━━━━━━━━━━━━━━
🤖 生成时间：14:01 (GMT+8)
[2026-05-22 14:01:18] 无新动态，仅保存报告
[2026-05-22 14:01:18] ========== 竞品雷达完成 ==========
