[2026-05-31 14:00:01] ========== 竞品雷达开始 ==========
[2026-05-31 14:00:01] 运行采集脚本...

📡 竞品雷达启动 | 2026-05-31 14:00
============================================================

▶️  QClaw (QClaw)
  🔄 URL: updated
  📰 新闻: 0 条

▶️  WorkBuddy (WorkBuddy)
  🔄 URL: updated
  📰 新闻: 0 条

▶️  ArkClaw (ArkClaw)
  🔄 URL: updated
  📰 新闻: 0 条

▶️  CoPaw (CoPaw)
  ➖ URL: unchanged
  📰 新闻: 0 条

▶️  钉钉悟空 (钉钉悟空)
  ➖ URL: unchanged
  📰 新闻: 0 条

▶️  DuClaw (DuClaw)
  ➖ URL: unchanged
  📰 新闻: 0 条

▶️  MaxClaw (MaxClaw)
  🔄 URL: updated
  📰 新闻: 0 条

▶️  KimiClaw (KimiClaw)
  ➖ URL: unchanged
  📰 新闻: 0 条

▶️  AutoClaw (AutoClaw)
  ➖ URL: unchanged
  📰 新闻: 0 条

▶️  QeeClaw (QeeClaw)
  📰 新闻: 0 条

▶️  RetailClaw (RetailClaw)
  📰 新闻: 0 条

✅ 状态已保存
📄 报告: /home/admin/.openclaw/workspace/tasks/competitor-radar-20260531.md
📊 数据: /home/admin/.openclaw/workspace/tasks/competitor-radar-data-20260531.json

============================================================
💬 企业微信推送内容：
============================================================
🔍 竞品情报日报 | OpenClaw框架商业化产品
📅 2026-05-31 下午版

━━━━━━━━━━━━━━━━━━━━━━━━━━━━━━

🔄 **官网有更新**

• **QClaw**（腾讯）
  QClaw - 微信远程办公 AI 助手 | 腾讯出品 腾讯电脑管家官方出品 随时随地，微信一下，QClaw 帮你高效干活 macOS (Apple 芯片) macOS (Intel 芯片) Wind...
• **WorkBuddy**（腾讯）
  WorkBuddy - AI Agent 办公新范式...
• **ArkClaw**（火山引擎（字节））
  You need to enable JavaScript to run this app.-->We're sorry but react app doesn't work properly wit...
• **MaxClaw**（MiniMax）
  MiniMax模型语言模型MiniMax M2.7MiniMax M2.5MiniMax M2-HerMiniMax M2.1MiniMax M2视频生成MiniMax Hailuo 2.3 / 2....

🏷️ **互联网大厂**

🔄 **QClaw**（腾讯）无公开动态
🔄 **WorkBuddy**（腾讯）无公开动态
🔄 **ArkClaw**（火山引擎（字节））无公开动态
➖ **CoPaw**（阿里云）无公开动态
➖ **钉钉悟空**（钉钉）无公开动态
➖ **DuClaw**（百度）无公开动态

🏷️ **AI厂商**

🔄 **MaxClaw**（MiniMax）无公开动态
➖ **KimiClaw**（月之暗面）无公开动态
➖ **AutoClaw**（智谱AI）无公开动态

🏷️ **垂直专业版**

➖ **QeeClaw**（第三方）无公开动态
➖ **RetailClaw**（第三方）无公开动态

━━━━━━━━━━━━━━━━━━━━━━━━━━━━━━
🤖 生成时间：14:00 (GMT+8)
[2026-05-31 14:00:50] 无新动态，仅保存报告
[2026-05-31 14:00:50] ========== 竞品雷达完成 ==========
